Added Cert: /mnt/edgemodule/edge-device-ca.cert.pem
[12/19/2017 18:26:44] Connection String 0
[12/19/2017 18:26:58] IoT Hub module client initialized.
[12/19/2017 18:26:58] Generating 1000 messages...
[12/19/2017 18:26:59] Waiting 4 minutes...
[12/19/2017 18:30:59] Sending 1 message every minute (for 2 minutes)...
[12/19/2017 18:30:59]     Sending message...
[12/19/2017 18:31:59]     Sending message...
[12/19/2017 18:32:59] Sending 1 message every second (for 1 minutes)...
[12/19/2017 18:32:59]     Sending message...
[12/19/2017 18:33:00]     Sending message...
[12/19/2017 18:33:01]     Sending message...
[12/19/2017 18:33:02]     Sending message...
[12/19/2017 18:33:03]     Sending message...
[12/19/2017 18:33:04]     Sending message...
[12/19/2017 18:33:05]     Sending message...
[12/19/2017 18:33:06]     Sending message...
[12/19/2017 18:33:08]     Sending message...
[12/19/2017 18:33:09]     Sending message...
[12/19/2017 18:33:10]     Sending message...
[12/19/2017 18:33:11]     Sending message...
[12/19/2017 18:33:12]     Sending message...
[12/19/2017 18:33:13]     Sending message...
[12/19/2017 18:33:14]     Sending message...
[12/19/2017 18:33:15]     Sending message...
[12/19/2017 18:33:16]     Sending message...
[12/19/2017 18:33:17]     Sending message...
[12/19/2017 18:33:18]     Sending message...
[12/19/2017 18:33:19]     Sending message...
[12/19/2017 18:33:20]     Sending message...
[12/19/2017 18:33:21]     Sending message...
[12/19/2017 18:33:22]     Sending message...
[12/19/2017 18:33:23]     Sending message...
[12/19/2017 18:33:24]     Sending message...
[12/19/2017 18:33:25]     Sending message...
[12/19/2017 18:33:26]     Sending message...
[12/19/2017 18:33:27]     Sending message...
[12/19/2017 18:33:28]     Sending message...
[12/19/2017 18:33:29]     Sending message...
[12/19/2017 18:33:30]     Sending message...
[12/19/2017 18:33:31]     Sending message...
[12/19/2017 18:33:32]     Sending message...
[12/19/2017 18:33:33]     Sending message...
[12/19/2017 18:33:34]     Sending message...
[12/19/2017 18:33:35]     Sending message...
[12/19/2017 18:33:36]     Sending message...
[12/19/2017 18:33:37]     Sending message...
[12/19/2017 18:33:38]     Sending message...
[12/19/2017 18:33:39]     Sending message...
[12/19/2017 18:33:40]     Sending message...
[12/19/2017 18:33:41]     Sending message...
[12/19/2017 18:33:42]     Sending message...
[12/19/2017 18:33:43]     Sending message...
[12/19/2017 18:33:44]     Sending message...
[12/19/2017 18:33:45]     Sending message...
[12/19/2017 18:33:46]     Sending message...
[12/19/2017 18:33:47]     Sending message...
[12/19/2017 18:33:48]     Sending message...
[12/19/2017 18:33:49]     Sending message...
[12/19/2017 18:33:50]     Sending message...
[12/19/2017 18:33:51]     Sending message...
[12/19/2017 18:33:52]     Sending message...
[12/19/2017 18:33:53]     Sending message...
[12/19/2017 18:33:54]     Sending message...
[12/19/2017 18:33:55]     Sending message...
[12/19/2017 18:33:56]     Sending message...
[12/19/2017 18:33:57]     Sending message...
[12/19/2017 18:33:58]     Sending message...
[12/19/2017 18:33:59]     Sending message...
[12/19/2017 18:34:00] Sending 20 messages every second (for 1 minutes)...
[12/19/2017 18:34:00]     Sending 20 messages...
[12/19/2017 18:34:03]     Sending 20 messages...
[12/19/2017 18:34:05]     Sending 20 messages...
[12/19/2017 18:34:09]     Sending 20 messages...
[12/19/2017 18:34:12]     Sending 20 messages...
[12/19/2017 18:34:15]     Sending 20 messages...
[12/19/2017 18:34:18]     Sending 20 messages...
[12/19/2017 18:34:21]     Sending 20 messages...
[12/19/2017 18:34:24]     Sending 20 messages...
[12/19/2017 18:34:28]     Sending 20 messages...
[12/19/2017 18:34:31]     Sending 20 messages...
[12/19/2017 18:34:35]     Sending 20 messages...
[12/19/2017 18:34:38]     Sending 20 messages...
[12/19/2017 18:34:42]     Sending 20 messages...
[12/19/2017 18:34:45]     Sending 20 messages...
[12/19/2017 18:34:49]     Sending 20 messages...
[12/19/2017 18:34:53]     Sending 20 messages...
[12/19/2017 18:34:56]     Sending 20 messages...
[12/19/2017 18:34:59]     Sending 20 messages...
[12/19/2017 18:35:03]     Sending 20 messages...
[12/19/2017 18:35:08]     Sending 20 messages...
[12/19/2017 18:35:12]     Sending 20 messages...
[12/19/2017 18:35:17]     Sending 20 messages...
[12/19/2017 18:35:21]     Sending 20 messages...
[12/19/2017 18:35:25]     Sending 20 messages...
[12/19/2017 18:35:28]     Sending 20 messages...
[12/19/2017 18:35:36]     Sending 20 messages...
[12/19/2017 18:35:41]     Sending 20 messages...
[12/19/2017 18:35:45]     Sending 20 messages...
